SF:lib/Services/user_service_test.dart
DA:4,1
DA:5,2
DA:6,2
DA:7,1
DA:8,1
DA:9,1
DA:11,2
DA:12,1
DA:13,1
DA:14,1
DA:17,2
DA:18,1
DA:19,1
DA:20,1
DA:23,2
DA:24,1
DA:25,1
DA:26,1
DA:28,2
DA:29,1
DA:30,1
DA:31,1
LF:22
LH:22
end_of_record
SF:lib/Services/user_service.dart
DA:6,1
DA:8,1
DA:12,1
DA:16,2
DA:20,1
DA:23,1
LF:6
LH:6
end_of_record
SF:lib/Entities/user.dart
DA:6,1
LF:1
LH:1
end_of_record
SF:lib/Validators/user_validator.dart
DA:1,2
DA:6,2
DA:7,4
DA:11,4
DA:18,2
DA:25,2
DA:26,4
DA:31,2
DA:33,2
DA:34,2
DA:36,4
DA:37,1
DA:40,4
DA:41,1
DA:44,4
DA:45,1
LF:16
LH:16
end_of_record
SF:lib/Entities/user_test.dart
DA:3,1
DA:4,3
LF:2
LH:2
end_of_record
SF:lib/Validators/user_validator_test.dart
DA:4,1
DA:5,2
DA:6,2
DA:8,1
DA:9,1
DA:12,2
DA:14,1
DA:15,1
DA:18,2
DA:20,1
DA:21,1
DA:25,2
DA:26,2
DA:28,1
DA:29,1
DA:32,2
DA:34,1
DA:35,1
DA:38,2
DA:40,1
DA:41,1
DA:45,2
DA:46,2
DA:48,1
DA:49,2
DA:51,2
DA:53,1
DA:54,2
DA:56,2
DA:58,1
DA:59,2
DA:61,2
DA:63,1
DA:64,2
LF:34
LH:34
end_of_record
